Base path: /Applications/Unity/Unity.app/Contents
Pipe name: \\.\pipe\UnityShaderCompiler-1--1404802520
Cmd: getPlatforms
Cmd: preprocess
  insize=1367 outsize=518 ok=1
Cmd: preprocess
  insize=1459 outsize=509 ok=1
Cmd: preprocess
  insize=3261 outsize=773 ok=1
Cmd: compileSnippet
  api=0 type=0 insize=1353 outsize=365 kw= ok=1
Cmd: compileSnippet
  api=0 type=1 insize=1353 outsize=1061 kw= ok=1
Cmd: preprocess
  insize=1359 outsize=465 ok=1
Cmd: preprocess
  insize=1484 outsize=566 ok=1
Cmd: preprocess
  insize=1380 outsize=471 ok=1
Cmd: preprocess
  insize=1437 outsize=510 ok=1
Cmd: preprocess
  insize=1658 outsize=518 ok=1
Cmd: preprocess
  insize=3033 outsize=470 ok=1
Cmd: preprocess
  insize=1817 outsize=466 ok=1
Cmd: preprocess
  insize=1780 outsize=466 ok=1
Cmd: preprocess
  insize=1536 outsize=473 ok=1
Cmd: preprocess
  insize=1867 outsize=515 ok=1
Cmd: preprocess
  insize=1275 outsize=519 ok=1
Cmd: preprocess
  insize=2122 outsize=473 ok=1
Cmd: preprocess
  insize=1920 outsize=516 ok=1
Cmd: compileSnippet
  api=0 type=0 insize=1119 outsize=4693 kw= ok=1
Cmd: preprocess
  insize=437 outsize=1183 ok=1
Cmd: compileSnippet
  api=0 type=0 insize=4279 outsize=919 kw=DIRECTIONAL SHADOWS_OFF LIGHTMAP_OFF DIRLIGHTMAP_OFF ok=1
Cmd: compileSnippet
  api=0 type=1 insize=4279 outsize=360 kw=DIRECTIONAL SHADOWS_OFF LIGHTMAP_OFF DIRLIGHTMAP_OFF ok=1
Cmd: compileSnippet
  api=0 type=0 insize=2255 outsize=817 kw=POINT ok=1
Cmd: compileSnippet
  api=0 type=1 insize=2255 outsize=536 kw=POINT ok=1
Cmd: compileSnippet
  api=0 type=0 insize=1783 outsize=457 kw= ok=1
Cmd: compileSnippet
  api=0 type=1 insize=1783 outsize=159 kw= ok=1
Cmd: compileSnippet
  api=0 type=0 insize=3996 outsize=905 kw=LIGHTMAP_OFF DIRLIGHTMAP_OFF HDR_LIGHT_PREPASS_OFF ok=1
Cmd: compileSnippet
  api=0 type=1 insize=3996 outsize=297 kw=LIGHTMAP_OFF DIRLIGHTMAP_OFF HDR_LIGHT_PREPASS_OFF ok=1
Cmd: preprocess
  insize=1871 outsize=1868 ok=1
Cmd: preprocess
  insize=2203 outsize=242 ok=1
Cmd: preprocess
  insize=2212 outsize=251 ok=1
Cmd: preprocess
  insize=2279 outsize=256 ok=1
Cmd: compileSnippet
  api=0 type=0 insize=2228 outsize=5802 kw= ok=1
Cmd: preprocess
  insize=2267 outsize=256 ok=1
Cmd: compileSnippet
  api=0 type=0 insize=2216 outsize=5790 kw= ok=1
Cmd: preprocess
  insize=2273 outsize=255 ok=1
Cmd: compileSnippet
  api=0 type=0 insize=2222 outsize=5796 kw= ok=1
Cmd: preprocess
  insize=2273 outsize=256 ok=1
Cmd: compileSnippet
  api=0 type=0 insize=2222 outsize=5796 kw= ok=1
Cmd: preprocess
  insize=2273 outsize=255 ok=1
